android/app/build/intermediates/manifest_merge_blame_file/release/manifest-merger-blame-release-report.txt
1<?xml version="1.0" encoding="utf-8"?>
2<manifest xmlns:android="http://schemas.android.com/apk/res/android"
3    package="com.universeofgamers.nft"
4    android:versionCode="2"
5    android:versionName="1.01102025" >
6
7    <uses-sdk
8        android:minSdkVersion="23"
9        android:targetSdkVersion="35" />
10
11    <!-- Permissions -->
12
13    <uses-permission android:name="android.permission.INTERNET" />
13-->src\main\AndroidManifest.xml:40:5-67
13-->src\main\AndroidManifest.xml:40:22-64
14
15    <queries>
15-->[:capacitor-browser] AndroidManifest.xml:7:5-11:15
16        <intent>
16-->[:capacitor-browser] AndroidManifest.xml:8:9-10:18
17            <action android:name="android.support.customtabs.action.CustomTabsService" />
17-->[:capacitor-browser] AndroidManifest.xml:9:13-90
17-->[:capacitor-browser] AndroidManifest.xml:9:21-87
18        </intent>
19    </queries>
20
21    <uses-permission android:name="android.permission.VIBRATE" />
21-->[:capacitor-haptics] AndroidManifest.xml:7:5-66
21-->[:capacitor-haptics] AndroidManifest.xml:7:22-63
22    <uses-permission android:name="android.permission.USE_CREDENTIALS" />
22-->[:codetrix-studio-capacitor-google-auth] AndroidManifest.xml:7:5-74
22-->[:codetrix-studio-capacitor-google-auth] AndroidManifest.xml:7:22-71
23
24    <permission
24-->[androidx.core:core:1.15.0] AndroidManifest.xml:22:5-24:47
25        android:name="com.universeofgamers.nft.DYNAMIC_RECEIVER_NOT_EXPORTED_PERMISSION"
25-->[androidx.core:core:1.15.0] AndroidManifest.xml:23:9-81
26        android:protectionLevel="signature" />
26-->[androidx.core:core:1.15.0] AndroidManifest.xml:24:9-44
27
28    <uses-permission android:name="com.universeofgamers.nft.DYNAMIC_RECEIVER_NOT_EXPORTED_PERMISSION" />
28-->[androidx.core:core:1.15.0] AndroidManifest.xml:26:5-97
28-->[androidx.core:core:1.15.0] AndroidManifest.xml:26:22-94
29
30    <application
30-->src\main\AndroidManifest.xml:4:5-36:19
31        android:allowBackup="true"
31-->src\main\AndroidManifest.xml:5:9-35
32        android:appComponentFactory="androidx.core.app.CoreComponentFactory"
32-->[androidx.core:core:1.15.0] AndroidManifest.xml:28:18-86
33        android:extractNativeLibs="false"
34        android:icon="@mipmap/ic_launcher"
34-->src\main\AndroidManifest.xml:6:9-43
35        android:label="@string/app_name"
35-->src\main\AndroidManifest.xml:7:9-41
36        android:roundIcon="@mipmap/ic_launcher_round"
36-->src\main\AndroidManifest.xml:8:9-54
37        android:supportsRtl="true"
37-->src\main\AndroidManifest.xml:9:9-35
38        android:theme="@style/AppTheme" >
38-->src\main\AndroidManifest.xml:10:9-40
39        <activity
39-->src\main\AndroidManifest.xml:12:9-25:20
40            android:name="com.universeofgamers.nft.MainActivity"
40-->src\main\AndroidManifest.xml:14:13-41
41            android:configChanges="orientation|keyboardHidden|keyboard|screenSize|locale|smallestScreenSize|screenLayout|uiMode|navigation"
41-->src\main\AndroidManifest.xml:13:13-140
42            android:exported="true"
42-->src\main\AndroidManifest.xml:18:13-36
43            android:label="@string/title_activity_main"
43-->src\main\AndroidManifest.xml:15:13-56
44            android:launchMode="singleTask"
44-->src\main\AndroidManifest.xml:17:13-44
45            android:theme="@style/AppTheme.NoActionBarLaunch" >
45-->src\main\AndroidManifest.xml:16:13-62
46            <intent-filter>
46-->src\main\AndroidManifest.xml:20:13-23:29
47                <action android:name="android.intent.action.MAIN" />
47-->src\main\AndroidManifest.xml:21:17-69
47-->src\main\AndroidManifest.xml:21:25-66
48
49                <category android:name="android.intent.category.LAUNCHER" />
49-->src\main\AndroidManifest.xml:22:17-77
49-->src\main\AndroidManifest.xml:22:27-74
50            </intent-filter>
51        </activity>
52
53        <provider
54            android:name="androidx.core.content.FileProvider"
54-->src\main\AndroidManifest.xml:28:13-62
55            android:authorities="com.universeofgamers.nft.fileprovider"
55-->src\main\AndroidManifest.xml:29:13-64
56            android:exported="false"
56-->src\main\AndroidManifest.xml:30:13-37
57            android:grantUriPermissions="true" >
57-->src\main\AndroidManifest.xml:31:13-47
58            <meta-data
58-->src\main\AndroidManifest.xml:32:13-34:64
59                android:name="android.support.FILE_PROVIDER_PATHS"
59-->src\main\AndroidManifest.xml:33:17-67
60                android:resource="@xml/file_paths" />
60-->src\main\AndroidManifest.xml:34:17-51
61        </provider>
62
63        <activity
63-->[:capacitor-browser] AndroidManifest.xml:14:9-18:75
64            android:name="com.capacitorjs.plugins.browser.BrowserControllerActivity"
64-->[:capacitor-browser] AndroidManifest.xml:15:13-85
65            android:exported="false"
65-->[:capacitor-browser] AndroidManifest.xml:16:13-37
66            android:launchMode="singleTask"
66-->[:capacitor-browser] AndroidManifest.xml:17:13-44
67            android:theme="@android:style/Theme.Translucent.NoTitleBar" />
67-->[:capacitor-browser] AndroidManifest.xml:18:13-72
68        <activity
68-->[com.google.android.gms:play-services-auth:18.1.0] AndroidManifest.xml:23:9-27:75
69            android:name="com.google.android.gms.auth.api.signin.internal.SignInHubActivity"
69-->[com.google.android.gms:play-services-auth:18.1.0] AndroidManifest.xml:24:13-93
70            android:excludeFromRecents="true"
70-->[com.google.android.gms:play-services-auth:18.1.0] AndroidManifest.xml:25:13-46
71            android:exported="false"
71-->[com.google.android.gms:play-services-auth:18.1.0] AndroidManifest.xml:26:13-37
72            android:theme="@android:style/Theme.Translucent.NoTitleBar" />
72-->[com.google.android.gms:play-services-auth:18.1.0] AndroidManifest.xml:27:13-72
73        <!--
74            Service handling Google Sign-In user revocation. For apps that do not integrate with
75            Google Sign-In, this service will never be started.
76        -->
77        <service
77-->[com.google.android.gms:play-services-auth:18.1.0] AndroidManifest.xml:33:9-37:51
78            android:name="com.google.android.gms.auth.api.signin.RevocationBoundService"
78-->[com.google.android.gms:play-services-auth:18.1.0] AndroidManifest.xml:34:13-89
79            android:exported="true"
79-->[com.google.android.gms:play-services-auth:18.1.0] AndroidManifest.xml:35:13-36
80            android:permission="com.google.android.gms.auth.api.signin.permission.REVOCATION_NOTIFICATION"
80-->[com.google.android.gms:play-services-auth:18.1.0] AndroidManifest.xml:36:13-107
81            android:visibleToInstantApps="true" />
81-->[com.google.android.gms:play-services-auth:18.1.0] AndroidManifest.xml:37:13-48
82
83        <activity
83-->[com.google.android.gms:play-services-base:17.1.0] AndroidManifest.xml:23:9-26:75
84            android:name="com.google.android.gms.common.api.GoogleApiActivity"
84-->[com.google.android.gms:play-services-base:17.1.0] AndroidManifest.xml:24:13-79
85            android:exported="false"
85-->[com.google.android.gms:play-services-base:17.1.0] AndroidManifest.xml:25:13-37
86            android:theme="@android:style/Theme.Translucent.NoTitleBar" />
86-->[com.google.android.gms:play-services-base:17.1.0] AndroidManifest.xml:26:13-72
87
88        <meta-data
88-->[com.google.android.gms:play-services-basement:17.1.1] AndroidManifest.xml:23:9-25:69
89            android:name="com.google.android.gms.version"
89-->[com.google.android.gms:play-services-basement:17.1.1] AndroidManifest.xml:24:13-58
90            android:value="@integer/google_play_services_version" />
90-->[com.google.android.gms:play-services-basement:17.1.1] AndroidManifest.xml:25:13-66
91
92        <provider
92-->[androidx.emoji2:emoji2:1.3.0] AndroidManifest.xml:24:9-32:20
93            android:name="androidx.startup.InitializationProvider"
93-->[androidx.emoji2:emoji2:1.3.0] AndroidManifest.xml:25:13-67
94            android:authorities="com.universeofgamers.nft.androidx-startup"
94-->[androidx.emoji2:emoji2:1.3.0] AndroidManifest.xml:26:13-68
95            android:exported="false" >
95-->[androidx.emoji2:emoji2:1.3.0] AndroidManifest.xml:27:13-37
96            <meta-data
96-->[androidx.emoji2:emoji2:1.3.0] AndroidManifest.xml:29:13-31:52
97                android:name="androidx.emoji2.text.EmojiCompatInitializer"
97-->[androidx.emoji2:emoji2:1.3.0] AndroidManifest.xml:30:17-75
98                android:value="androidx.startup" />
98-->[androidx.emoji2:emoji2:1.3.0] AndroidManifest.xml:31:17-49
99            <meta-data
99-->[androidx.lifecycle:lifecycle-process:2.6.2] AndroidManifest.xml:29:13-31:52
100                android:name="androidx.lifecycle.ProcessLifecycleInitializer"
100-->[androidx.lifecycle:lifecycle-process:2.6.2] AndroidManifest.xml:30:17-78
101                android:value="androidx.startup" />
101-->[androidx.lifecycle:lifecycle-process:2.6.2] AndroidManifest.xml:31:17-49
102            <meta-data
102-->[androidx.profileinstaller:profileinstaller:1.3.1] AndroidManifest.xml:29:13-31:52
103                android:name="androidx.profileinstaller.ProfileInstallerInitializer"
103-->[androidx.profileinstaller:profileinstaller:1.3.1] AndroidManifest.xml:30:17-85
104                android:value="androidx.startup" />
104-->[androidx.profileinstaller:profileinstaller:1.3.1] AndroidManifest.xml:31:17-49
105        </provider>
106
107        <receiver
107-->[androidx.profileinstaller:profileinstaller:1.3.1] AndroidManifest.xml:34:9-52:20
108            android:name="androidx.profileinstaller.ProfileInstallReceiver"
108-->[androidx.profileinstaller:profileinstaller:1.3.1] AndroidManifest.xml:35:13-76
109            android:directBootAware="false"
109-->[androidx.profileinstaller:profileinstaller:1.3.1] AndroidManifest.xml:36:13-44
110            android:enabled="true"
110-->[androidx.profileinstaller:profileinstaller:1.3.1] AndroidManifest.xml:37:13-35
111            android:exported="true"
111-->[androidx.profileinstaller:profileinstaller:1.3.1] AndroidManifest.xml:38:13-36
112            android:permission="android.permission.DUMP" >
112-->[androidx.profileinstaller:profileinstaller:1.3.1] AndroidManifest.xml:39:13-57
113            <intent-filter>
113-->[androidx.profileinstaller:profileinstaller:1.3.1] AndroidManifest.xml:40:13-42:29
114                <action android:name="androidx.profileinstaller.action.INSTALL_PROFILE" />
114-->[androidx.profileinstaller:profileinstaller:1.3.1] AndroidManifest.xml:41:17-91
114-->[androidx.profileinstaller:profileinstaller:1.3.1] AndroidManifest.xml:41:25-88
115            </intent-filter>
116            <intent-filter>
116-->[androidx.profileinstaller:profileinstaller:1.3.1] AndroidManifest.xml:43:13-45:29
117                <action android:name="androidx.profileinstaller.action.SKIP_FILE" />
117-->[androidx.profileinstaller:profileinstaller:1.3.1] AndroidManifest.xml:44:17-85
117-->[androidx.profileinstaller:profileinstaller:1.3.1] AndroidManifest.xml:44:25-82
118            </intent-filter>
119            <intent-filter>
119-->[androidx.profileinstaller:profileinstaller:1.3.1] AndroidManifest.xml:46:13-48:29
120                <action android:name="androidx.profileinstaller.action.SAVE_PROFILE" />
120-->[androidx.profileinstaller:profileinstaller:1.3.1] AndroidManifest.xml:47:17-88
120-->[androidx.profileinstaller:profileinstaller:1.3.1] AndroidManifest.xml:47:25-85
121            </intent-filter>
122            <intent-filter>
122-->[androidx.profileinstaller:profileinstaller:1.3.1] AndroidManifest.xml:49:13-51:29
123                <action android:name="androidx.profileinstaller.action.BENCHMARK_OPERATION" />
123-->[androidx.profileinstaller:profileinstaller:1.3.1] AndroidManifest.xml:50:17-95
123-->[androidx.profileinstaller:profileinstaller:1.3.1] AndroidManifest.xml:50:25-92
124            </intent-filter>
125        </receiver>
126    </application>
127
128</manifest>